c:\mavıdurakıo\mdchat\mdchat\debug\mdchat.pch
c:\mavıdurakıo\mdchat\mdchat\debug\vc142.pdb
c:\mavıdurakıo\mdchat\mdchat\debug\vc142.ıdb
c:\mavıdurakıo\mdchat\mdchat\debug\pch.obj
c:\mavıdurakıo\mdchat\mdchat\debug\mdchat.obj
c:\mavıdurakıo\mdchat\mdchat\debug\mdchatdlg.obj
c:\mavıdurakıo\mdchat\debug\mdchat.exe
c:\mavıdurakıo\mdchat\debug\mdchat.ılk
c:\mavıdurakıo\mdchat\debug\mdchat.pdb
c:\mavıdurakıo\mdchat\mdchat\debug\mdchat.res
c:\mavidurakio\mdchat\mdchat\debug\mdchat.obj
c:\mavidurakio\mdchat\mdchat\debug\mdchatdlg.obj
c:\mavidurakio\mdchat\mdchat\debug\pch.obj
c:\mavidurakio\mdchat\mdchat\debug\mdchat.res
c:\mavidurakio\mdchat\mdchat\debug\mdchat.pch
c:\mavidurakio\mdchat\mdchat\debug\vc142.idb
c:\mavidurakio\mdchat\mdchat\debug\vc142.pdb
c:\mavidurakio\mdchat\debug\mdchat.pdb
c:\mavidurakio\mdchat\debug\mdchat.exe
c:\mavidurakio\mdchat\debug\mdchat.ilk
c:\mavidurakio\mdchat\mdchat\debug\mdchat.tlog\cl.command.1.tlog
c:\mavidurakio\mdchat\mdchat\debug\mdchat.tlog\cl.read.1.tlog
c:\mavidurakio\mdchat\mdchat\debug\mdchat.tlog\cl.write.1.tlog
c:\mavidurakio\mdchat\mdchat\debug\mdchat.tlog\link.command.1.tlog
c:\mavidurakio\mdchat\mdchat\debug\mdchat.tlog\link.read.1.tlog
c:\mavidurakio\mdchat\mdchat\debug\mdchat.tlog\link.write.1.tlog
c:\mavidurakio\mdchat\mdchat\debug\mdchat.tlog\rc.command.1.tlog
c:\mavidurakio\mdchat\mdchat\debug\mdchat.tlog\rc.read.1.tlog
c:\mavidurakio\mdchat\mdchat\debug\mdchat.tlog\rc.write.1.tlog
